<?xml version="1.0" encoding="UTF-8"?>
<testsuites name="jest tests" tests="4" failures="0" errors="0" time="2.692">
  <testsuite name="tests\Unitarias\personas.test.js" errors="0" failures="0" skipped="0" timestamp="2025-10-28T05:57:57" time="1.959" tests="3">
    <testcase classname="S-01 Autenticación (HU1) - Rechazo de credenciales inválidas" name="HU1: Retorna 441 si la contraseña es incorrecta y el usuario no está bloqueado" time="0.004">
    </testcase>
    <testcase classname="S-01 Autenticación (HU1) - Rechazo de credenciales inválidas" name="HU1: Retorna 441 si el usuario no existe" time="0.002">
    </testcase>
    <testcase classname="S-01 Autenticación (HU1) - Rechazo de credenciales inválidas" name="S-02: Bloqueo tras múltiples intentos fallidos consecutivos (usuario &apos;votante&apos;)" time="0.036">
    </testcase>
  </testsuite>
  <testsuite name="tests\Unitarias\candidatos.test.js" errors="0" failures="0" skipped="0" timestamp="2025-10-28T05:57:59" time="0.475" tests="1">
    <testcase classname="" name="Debería agregar candidato correctamente" time="0.012">
    </testcase>
  </testsuite>
</testsuites>