<?xml version="1.0" encoding="UTF-8"?>
<testsuites name="jest tests" tests="8" failures="0" errors="0" time="6.758">
  <testsuite name="tests/Integracion/elecciones_Candidatos.test.js" errors="0" failures="0" skipped="0" timestamp="2025-10-27T23:05:12" time="5.104" tests="7">
    <testcase classname="Pruebas de integración - Elecciones y Candidatos" name="Debe permitir agregar un candidato con perfil válido" time="0.027">
    </testcase>
    <testcase classname="Pruebas de integración - Elecciones y Candidatos" name="Debe rechazar un candidato si el perfil no existe" time="0.004">
    </testcase>
    <testcase classname="Pruebas de integración - Elecciones y Candidatos" name="Debe rechazar un candidato repetido" time="0.007">
    </testcase>
    <testcase classname="Pruebas de integración - Elecciones y Candidatos" name="Debe agregar una elección correctamente" time="0.02">
    </testcase>
    <testcase classname="Pruebas de integración - Elecciones y Candidatos" name="Debe abrir una elección correctamente" time="0.016">
    </testcase>
    <testcase classname="Pruebas de integración - Elecciones y Candidatos" name="Debe aplicar votos correctamente" time="0.018">
    </testcase>
    <testcase classname="Pruebas de integración - Elecciones y Candidatos" name="Debe abrir una elección correctamente" time="0.02">
    </testcase>
  </testsuite>
  <testsuite name="tests/Integracion/personas.test.js" errors="0" failures="0" skipped="0" timestamp="2025-10-27T23:05:17" time="1.588" tests="1">
    <testcase classname="Pruebas de integración - Personas / ValidarSesion" name="Login correcto devuelve token" time="0.029">
    </testcase>
  </testsuite>
</testsuites>